<?xml version="1.0" encoding="UTF-8"?>
<!-- Generated by org.testng.reporters.JUnitXMLReporter -->
<testsuite ignored="4" hostname="Mac.local" failures="0" tests="3" name="E2E Flows" time="118.389" errors="0" timestamp="2026-02-05T23:55:06 CET">
  <testcase classname="io.github.antnnks.monefy.e2e.flows.BalanceCalculationE2ETest" name="verifyIncomeMinusExpenseBalance" time="33.131"/>
  <testcase classname="io.github.antnnks.monefy.e2e.flows.AddExpenseE2ETest" name="addExpenseAndVerifyHistory" time="16.986"/>
  <testcase classname="io.github.antnnks.monefy.e2e.flows.AddIncomeE2ETest" name="addIncomeAndVerifyHomeAndHistory" time="28.015"/>
  <testcase classname="io.github.antnnks.monefy.e2e.base.BaseE2ETest" name="@AfterSuite suiteTearDown" time="0.0">
    <ignored/>
  </testcase> <!-- @AfterSuite suiteTearDown -->
  <testcase classname="io.github.antnnks.monefy.e2e.base.BaseE2ETest" name="@BeforeSuite suiteSetUp" time="0.0">
    <ignored/>
  </testcase> <!-- @BeforeSuite suiteSetUp -->
  <testcase classname="io.github.antnnks.monefy.e2e.base.BaseE2ETest" name="@BeforeSuite suiteSetUp" time="0.0">
    <ignored/>
  </testcase> <!-- @BeforeSuite suiteSetUp -->
  <testcase classname="io.github.antnnks.monefy.e2e.base.BaseE2ETest" name="@AfterSuite suiteTearDown" time="0.0">
    <ignored/>
  </testcase> <!-- @AfterSuite suiteTearDown -->
</testsuite> <!-- E2E Flows -->
