<?xml version="1.0" encoding="UTF-8"?>
<!-- Generated by org.testng.reporters.JUnitReportReporter -->
<testsuite hostname="Mac.local" failures="0" tests="1" name="io.github.antnnks.monefy.e2e.flows.BalanceCalculationE2ETest" time="46.263" errors="0" timestamp="2026-02-05T23:55:06 CET" skipped="0">
  <testcase classname="io.github.antnnks.monefy.e2e.flows.BalanceCalculationE2ETest" name="verifyIncomeMinusExpenseBalance" time="46.263"/>
</testsuite> <!-- io.github.antnnks.monefy.e2e.flows.BalanceCalculationE2ETest -->
