<?xml version="1.0" encoding="UTF-8"?>
<!-- Generated by org.testng.reporters.JUnitReportReporter -->
<testsuite hostname="Mac.local" failures="0" tests="1" name="io.github.antnnks.monefy.e2e.flows.ViewBalanceE2ETest" time="30.203" errors="0" timestamp="2026-02-04T17:03:03 CET" skipped="0">
  <testcase classname="io.github.antnnks.monefy.e2e.flows.ViewBalanceE2ETest" name="homeScreenShowsBalanceAndActions" time="30.203"/>
</testsuite> <!-- io.github.antnnks.monefy.e2e.flows.ViewBalanceE2ETest -->
